Arguments: 
  /usr/bin/node /usr/bin/yarn add firebase

PATH: 
  /usr/local/sbin:/usr/local/bin:/usr/bin:/opt/android-sdk/platform-tools:/usr/bin/site_perl:/usr/bin/vendor_perl:/usr/bin/core_perl

Yarn version: 
  1.22.19

Node version: 
  19.8.1

Platform: 
  linux x64

Trace: 
  SyntaxError: /home/i/.cache/yarn/v6/npm-@emotion-weak-memoize-0.3.0-ea89004119dc42db2e1dba0f97d553f7372f6fcb-integrity/node_modules/@emotion/weak-memoize/.yarn-metadata.json: Unexpected end of JSON input
      at JSON.parse (<anonymous>)
      at /usr/lib/node_modules/yarn/lib/cli.js:1629:59
      at Generator.next (<anonymous>)
      at step (/usr/lib/node_modules/yarn/lib/cli.js:310:30)
      at /usr/lib/node_modules/yarn/lib/cli.js:321:13

npm manifest: 
  {
    "name": "linkdin-clone",
    "version": "0.1.0",
    "private": true,
    "dependencies": {
      "@emotion/react": "^11.10.6",
      "@emotion/styled": "^11.10.6",
      "@mui/icons-material": "^5.11.16",
      "@mui/material": "^5.11.16",
      "@reduxjs/toolkit": "^1.9.3",
      "@testing-library/jest-dom": "^5.16.5",
      "@testing-library/react": "^13.4.0",
      "@testing-library/user-event": "^14.4.3",
      "firebase": "^9.19.1",
      "react": "^18.2.0",
      "react-dom": "^18.2.0",
      "react-redux": "^8.0.5",
      "react-scripts": "5.0.1",
      "web-vitals": "^2.1.4"
    },
    "scripts": {
      "start": "react-scripts start",
      "build": "react-scripts build",
      "test": "react-scripts test",
      "eject": "react-scripts eject"
    },
    "eslintConfig": {
      "extends": [
        "react-app",
        "react-app/jest"
      ]
    },
    "browserslist": {
      "production": [
        ">0.2%",
        "not dead",
        "not op_mini all"
      ],
      "development": [
        "last 1 chrome version",
        "last 1 firefox version",
        "last 1 safari version"
      ]
    }
  }

yarn manifest: 
  No manifest

Lockfile: 
  No lockfile
